[debug] [2023-08-11T06:41:59.274Z] ----------------------------------------------------------------------
[debug] [2023-08-11T06:41:59.277Z] Command:       /usr/local/bin/node /usr/local/bin/firebase init
[debug] [2023-08-11T06:41:59.277Z] CLI Version:   12.4.7
[debug] [2023-08-11T06:41:59.278Z] Platform:      darwin
[debug] [2023-08-11T06:41:59.278Z] Node Version:  v18.16.0
[debug] [2023-08-11T06:41:59.287Z] Time:          Fri Aug 11 2023 15:41:59 GMT+0900 (Korean Standard Time)
[debug] [2023-08-11T06:41:59.287Z] ----------------------------------------------------------------------
[debug] 
[debug] [2023-08-11T06:41:59.295Z] > command requires scopes: ["email","openid","https://www.googleapis.com/auth/cloudplatformprojects.readonly","https://www.googleapis.com/auth/firebase","https://www.googleapis.com/auth/cloud-platform"]
[debug] [2023-08-11T06:41:59.296Z] > authorizing via signed-in user (syb0127@berkeley.edu)
[info] 
     ######## #### ########  ######## ########     ###     ######  ########
     ##        ##  ##     ## ##       ##     ##  ##   ##  ##       ##
     ######    ##  ########  ######   ########  #########  ######  ######
     ##        ##  ##    ##  ##       ##     ## ##     ##       ## ##
     ##       #### ##     ## ######## ########  ##     ##  ######  ########

You're about to initialize a Firebase project in this directory:

  /Users/seoyebin/Desktop/FCY_assignments/Y_FE_JS/Y_FE_JAVASCRIPT_PICTURE

[info] 
=== Project Setup
[info] 
[info] First, let's associate this project directory with a Firebase project.
[info] You can create multiple project aliases by running firebase use --add, 
[info] but for now we'll just set up a default project.
[info] 
[debug] [2023-08-11T06:42:22.049Z] > refreshing access token with scopes: []
[debug] [2023-08-11T06:42:22.051Z] >>> [apiv2][query] POST https://www.googleapis.com/oauth2/v3/token [none]
[debug] [2023-08-11T06:42:22.051Z] >>> [apiv2][body] POST https://www.googleapis.com/oauth2/v3/token [omitted]
[debug] [2023-08-11T06:42:22.420Z] <<< [apiv2][status] POST https://www.googleapis.com/oauth2/v3/token 400
[debug] [2023-08-11T06:42:22.420Z] <<< [apiv2][body] POST https://www.googleapis.com/oauth2/v3/token [omitted]
[debug] [2023-08-11T06:42:22.421Z] >>> [apiv2][query] GET https://firebase.googleapis.com/v1beta1/projects pageSize=100
[debug] [2023-08-11T06:42:22.633Z] <<< [apiv2][status] GET https://firebase.googleapis.com/v1beta1/projects 401
[debug] [2023-08-11T06:42:22.633Z] <<< [apiv2][body] GET https://firebase.googleapis.com/v1beta1/projects [omitted]
[debug] [2023-08-11T06:42:22.633Z] HTTP Error: 401, Request had invalid authentication credentials. Expected OAuth 2 access token, login cookie or other valid authentication credential. See https://developers.google.com/identity/sign-in/web/devconsole-project.
[debug] [2023-08-11T06:42:22.832Z] FirebaseError: HTTP Error: 401, Request had invalid authentication credentials. Expected OAuth 2 access token, login cookie or other valid authentication credential. See https://developers.google.com/identity/sign-in/web/devconsole-project.
    at responseToError (/usr/local/lib/node_modules/firebase-tools/lib/responseToError.js:49:12)
    at RetryOperation._fn (/usr/local/lib/node_modules/firebase-tools/lib/apiv2.js:285:77)
    at process.processTicksAndRejections (node:internal/process/task_queues:95:5)
[error] 
[error] Error: Failed to list Firebase projects. See firebase-debug.log for more info.
[debug] [2023-08-11T06:48:33.376Z] ----------------------------------------------------------------------
[debug] [2023-08-11T06:48:33.379Z] Command:       /usr/local/bin/node /usr/local/bin/firebase init hosting
[debug] [2023-08-11T06:48:33.379Z] CLI Version:   12.4.7
[debug] [2023-08-11T06:48:33.380Z] Platform:      darwin
[debug] [2023-08-11T06:48:33.380Z] Node Version:  v18.16.0
[debug] [2023-08-11T06:48:33.389Z] Time:          Fri Aug 11 2023 15:48:33 GMT+0900 (Korean Standard Time)
[debug] [2023-08-11T06:48:33.389Z] ----------------------------------------------------------------------
[debug] 
[debug] [2023-08-11T06:48:33.398Z] > command requires scopes: ["email","openid","https://www.googleapis.com/auth/cloudplatformprojects.readonly","https://www.googleapis.com/auth/firebase","https://www.googleapis.com/auth/cloud-platform"]
[debug] [2023-08-11T06:48:33.399Z] > authorizing via signed-in user (syb0127@berkeley.edu)
[info] 
     ######## #### ########  ######## ########     ###     ######  ########
     ##        ##  ##     ## ##       ##     ##  ##   ##  ##       ##
     ######    ##  ########  ######   ########  #########  ######  ######
     ##        ##  ##    ##  ##       ##     ## ##     ##       ## ##
     ##       #### ##     ## ######## ########  ##     ##  ######  ########

You're about to initialize a Firebase project in this directory:

  /Users/seoyebin/Desktop/FCY_assignments/Y_FE_JS/Y_FE_JAVASCRIPT_PICTURE

[info] 
=== Project Setup
[info] 
[info] First, let's associate this project directory with a Firebase project.
[info] You can create multiple project aliases by running firebase use --add, 
[info] but for now we'll just set up a default project.
[info] 
[debug] [2023-08-11T06:48:43.554Z] > refreshing access token with scopes: []
[debug] [2023-08-11T06:48:43.557Z] >>> [apiv2][query] POST https://www.googleapis.com/oauth2/v3/token [none]
[debug] [2023-08-11T06:48:43.558Z] >>> [apiv2][body] POST https://www.googleapis.com/oauth2/v3/token [omitted]
[debug] [2023-08-11T06:48:43.867Z] <<< [apiv2][status] POST https://www.googleapis.com/oauth2/v3/token 400
[debug] [2023-08-11T06:48:43.867Z] <<< [apiv2][body] POST https://www.googleapis.com/oauth2/v3/token [omitted]
[debug] [2023-08-11T06:48:43.869Z] >>> [apiv2][query] GET https://firebase.googleapis.com/v1beta1/projects pageSize=100
[debug] [2023-08-11T06:48:44.071Z] <<< [apiv2][status] GET https://firebase.googleapis.com/v1beta1/projects 401
[debug] [2023-08-11T06:48:44.071Z] <<< [apiv2][body] GET https://firebase.googleapis.com/v1beta1/projects [omitted]
[debug] [2023-08-11T06:48:44.072Z] HTTP Error: 401, Request had invalid authentication credentials. Expected OAuth 2 access token, login cookie or other valid authentication credential. See https://developers.google.com/identity/sign-in/web/devconsole-project.
[debug] [2023-08-11T06:48:44.259Z] FirebaseError: HTTP Error: 401, Request had invalid authentication credentials. Expected OAuth 2 access token, login cookie or other valid authentication credential. See https://developers.google.com/identity/sign-in/web/devconsole-project.
    at responseToError (/usr/local/lib/node_modules/firebase-tools/lib/responseToError.js:49:12)
    at RetryOperation._fn (/usr/local/lib/node_modules/firebase-tools/lib/apiv2.js:285:77)
    at process.processTicksAndRejections (node:internal/process/task_queues:95:5)
[error] 
[error] Error: Failed to list Firebase projects. See firebase-debug.log for more info.
[debug] [2023-08-11T06:51:21.234Z] ----------------------------------------------------------------------
[debug] [2023-08-11T06:51:21.239Z] Command:       /usr/local/bin/node /usr/local/bin/firebase use --add
[debug] [2023-08-11T06:51:21.240Z] CLI Version:   12.4.7
[debug] [2023-08-11T06:51:21.240Z] Platform:      darwin
[debug] [2023-08-11T06:51:21.240Z] Node Version:  v18.16.0
[debug] [2023-08-11T06:51:21.255Z] Time:          Fri Aug 11 2023 15:51:21 GMT+0900 (Korean Standard Time)
[debug] [2023-08-11T06:51:21.256Z] ----------------------------------------------------------------------
[debug] 
[debug] [2023-08-11T06:51:21.370Z] > command requires scopes: ["email","openid","https://www.googleapis.com/auth/cloudplatformprojects.readonly","https://www.googleapis.com/auth/firebase","https://www.googleapis.com/auth/cloud-platform"]
[debug] [2023-08-11T06:51:21.371Z] > authorizing via signed-in user (syb0127@berkeley.edu)
[debug] [2023-08-11T06:51:21.374Z] > refreshing access token with scopes: []
[debug] [2023-08-11T06:51:21.378Z] >>> [apiv2][query] POST https://www.googleapis.com/oauth2/v3/token [none]
[debug] [2023-08-11T06:51:21.378Z] >>> [apiv2][body] POST https://www.googleapis.com/oauth2/v3/token [omitted]
[debug] [2023-08-11T06:51:21.737Z] <<< [apiv2][status] POST https://www.googleapis.com/oauth2/v3/token 400
[debug] [2023-08-11T06:51:21.738Z] <<< [apiv2][body] POST https://www.googleapis.com/oauth2/v3/token [omitted]
[debug] [2023-08-11T06:51:21.739Z] >>> [apiv2][query] GET https://firebase.googleapis.com/v1beta1/projects pageSize=1000
[debug] [2023-08-11T06:51:21.935Z] <<< [apiv2][status] GET https://firebase.googleapis.com/v1beta1/projects 401
[debug] [2023-08-11T06:51:21.935Z] <<< [apiv2][body] GET https://firebase.googleapis.com/v1beta1/projects [omitted]
[debug] [2023-08-11T06:51:21.936Z] HTTP Error: 401, Request had invalid authentication credentials. Expected OAuth 2 access token, login cookie or other valid authentication credential. See https://developers.google.com/identity/sign-in/web/devconsole-project.
[debug] [2023-08-11T06:51:22.140Z] FirebaseError: HTTP Error: 401, Request had invalid authentication credentials. Expected OAuth 2 access token, login cookie or other valid authentication credential. See https://developers.google.com/identity/sign-in/web/devconsole-project.
    at responseToError (/usr/local/lib/node_modules/firebase-tools/lib/responseToError.js:49:12)
    at RetryOperation._fn (/usr/local/lib/node_modules/firebase-tools/lib/apiv2.js:285:77)
    at process.processTicksAndRejections (node:internal/process/task_queues:95:5)
[error] 
[error] Error: Failed to list Firebase projects. See firebase-debug.log for more info.
